[debug] [2023-05-05T16:19:02.255Z] ----------------------------------------------------------------------
[debug] [2023-05-05T16:19:02.262Z] Command:       /home/venkatesh/.nvm/versions/node/v19.8.1/bin/node /home/venkatesh/.nvm/versions/node/v19.8.1/bin/firebase deploy
[debug] [2023-05-05T16:19:02.263Z] CLI Version:   11.27.0
[debug] [2023-05-05T16:19:02.264Z] Platform:      linux
[debug] [2023-05-05T16:19:02.264Z] Node Version:  v19.8.1
[debug] [2023-05-05T16:19:02.264Z] Time:          Fri May 05 2023 21:49:02 GMT+0530 (India Standard Time)
[debug] [2023-05-05T16:19:02.265Z] ----------------------------------------------------------------------
[debug] 
[debug] [2023-05-05T16:19:02.501Z] > command requires scopes: ["email","openid","https://www.googleapis.com/auth/cloudplatformprojects.readonly","https://www.googleapis.com/auth/firebase","https://www.googleapis.com/auth/cloud-platform"]
[debug] [2023-05-05T16:19:02.502Z] > authorizing via signed-in user (sircillavenkatesh0@gmail.com)
[debug] [2023-05-05T16:19:02.502Z] [iam] checking project netflix-3520e for permissions ["firebase.projects.get","firebasehosting.sites.update"]
[debug] [2023-05-05T16:19:02.508Z] >>> [apiv2][query] POST https://cloudresourcemanager.googleapis.com/v1/projects/netflix-3520e:testIamPermissions [none]
[debug] [2023-05-05T16:19:02.508Z] >>> [apiv2][(partial)header] POST https://cloudresourcemanager.googleapis.com/v1/projects/netflix-3520e:testIamPermissions x-goog-quota-user=projects/netflix-3520e
[debug] [2023-05-05T16:19:02.509Z] >>> [apiv2][body] POST https://cloudresourcemanager.googleapis.com/v1/projects/netflix-3520e:testIamPermissions {"permissions":["firebase.projects.get","firebasehosting.sites.update"]}
[debug] [2023-05-05T16:19:09.758Z] <<< [apiv2][status] POST https://cloudresourcemanager.googleapis.com/v1/projects/netflix-3520e:testIamPermissions 200
[debug] [2023-05-05T16:19:09.759Z] <<< [apiv2][body] POST https://cloudresourcemanager.googleapis.com/v1/projects/netflix-3520e:testIamPermissions {"permissions":["firebase.projects.get","firebasehosting.sites.update"]}
[debug] [2023-05-05T16:19:09.762Z] >>> [apiv2][query] GET https://firebase.googleapis.com/v1beta1/projects/netflix-3520e [none]
[debug] [2023-05-05T16:19:16.700Z] <<< [apiv2][status] GET https://firebase.googleapis.com/v1beta1/projects/netflix-3520e 200
[debug] [2023-05-05T16:19:16.700Z] <<< [apiv2][body] GET https://firebase.googleapis.com/v1beta1/projects/netflix-3520e {"projectId":"netflix-3520e","projectNumber":"687111066431","displayName":"netflix","name":"projects/netflix-3520e","resources":{"hostingSite":"netflix-3520e"},"state":"ACTIVE","etag":"1_43f0d3ce-b289-4e27-ae5d-16f7cfd210ad"}
[info] 
[info] === Deploying to 'netflix-3520e'...
[info] 
[info] i  deploying hosting 
[debug] [2023-05-05T16:19:16.730Z] >>> [apiv2][query] POST https://firebasehosting.googleapis.com/v1beta1/projects/-/sites/netflix-3520e/versions [none]
[debug] [2023-05-05T16:19:16.730Z] >>> [apiv2][body] POST https://firebasehosting.googleapis.com/v1beta1/projects/-/sites/netflix-3520e/versions {"status":"CREATED","labels":{"deployment-tool":"cli-firebase"}}
[debug] [2023-05-05T16:19:23.655Z] <<< [apiv2][status] POST https://firebasehosting.googleapis.com/v1beta1/projects/-/sites/netflix-3520e/versions 200
[debug] [2023-05-05T16:19:23.655Z] <<< [apiv2][body] POST https://firebasehosting.googleapis.com/v1beta1/projects/-/sites/netflix-3520e/versions {"name":"projects/687111066431/sites/netflix-3520e/versions/afd315124fb3f904","status":"CREATED","config":{},"labels":{"deployment-tool":"cli-firebase"}}
[info] i  hosting[netflix-3520e]: beginning deploy... 
[info] i  hosting[netflix-3520e]: found 19 files in build 
[debug] [2023-05-05T16:19:23.708Z] [hosting] uploading with 200 concurrency
[debug] [2023-05-05T16:19:26.297Z] [hosting] hash cache [YnVpbGQ] stored for 19 files
[debug] [2023-05-05T16:19:26.299Z] [hosting][hash queue][FINAL] {"max":2498,"min":100,"avg":256.1578947368421,"active":0,"complete":19,"success":19,"errored":0,"retried":0,"total":19,"elapsed":2573}
[debug] [2023-05-05T16:19:26.300Z] >>> [apiv2][query] POST https://firebasehosting.googleapis.com/v1beta1/projects/687111066431/sites/netflix-3520e/versions/afd315124fb3f904:populateFiles [none]
[debug] [2023-05-05T16:19:26.300Z] >>> [apiv2][body] POST https://firebasehosting.googleapis.com/v1beta1/projects/687111066431/sites/netflix-3520e/versions/afd315124fb3f904:populateFiles {"files":{"/asset-manifest.json":"9d4ad7847d9e1f28515160868508d8a976fcd190b6c27357a7e7a2754f0919e2","/favicon.ico":"c599b7a91ab3627e3538125d9f40adc2d4bf949046984262670545dc7738af06","/index.html":"de4a6b344c5068d6e245e64205da0c6e38f4c12f05553b88ac39e0f6dea6f404","/logo192.png":"76c449ccb9cd117c2f2338f091b18f7050f3210e249b2228f5c81b23f34377cd","/logo512.png":"7779210d56c1f3741e2e487799fe3092def4fa6ac450a60532b807c3a8971205","/manifest.json":"0958a5e0c831126100c8c2d06a6bbaa665a3900f21aaff4130238a6f5a113aa1","/robots.txt":"2544ca049f223a42bff01f72ad930a5edba75bbb7199d0f8430a02ff5aca16ec","/images/avatar.png":"dbc3b53044916d211f276740fbff3de1a82fe25b36448a9ed2951864c17fdfab","/images/logo.png":"996a5962210a2ef5fb844149db102d782e1d59fcd792286364a3e8be036571bd","/images/netflix.png":"30f5aee28015e1435e0fe643aeed8d8a267c35a1dedb36f17569a42acda3dd78","/images/netflixBanner1.jpg":"e319b783e9bcdbb1ea4e72c44ce43a62611e02eee02d831eb80e319b697a1d69","/static/css/main.2a705ee6.css":"fb4bc5ab3d5483b88553e2fc9b93f1a955196a4a87dc3c17436fa45e43fc37be","/static/css/main.2a705ee6.css.map":"ee35af79fc72a7a55572d02282e98b96b5550ca0349dc04d6ef6cc166f949de1","/static/js/main.4039ca3f.js.LICENSE.txt":"29e6a6400863271629a9d454f8a204ffa035bf6b1f81fbeb617ba2a422cbc659","/images/netflixBanner.jpg":"974ebadd7c8dc8494172fd3613bf70863eee214375eaa44e6f2f44d4d3d7ce2a","/images/black.jpg":"948b4038a71f2d1f973f8d46a3ff7ab630d7c3a94ffd20470a4f8533dc987209","/images/loginBackground.jpg":"e3499fb51d4f0a78bf9449d6195e70e036b6e7b81c4555854792a49075ee41c1","/static/js/main.4039ca3f.js":"4efb3a925f1b61de5db6e81f94cde3f5ff34c3c1f88633b76557afa7f18cff67","/static/js/main.4039ca3f.js.map":"5c8c0a00db3a4ea47886e9a01b054b7f58f040c641e118cdc9a860be69062b21"}}
[debug] [2023-05-05T16:19:27.134Z] <<< [apiv2][status] POST https://firebasehosting.googleapis.com/v1beta1/projects/687111066431/sites/netflix-3520e/versions/afd315124fb3f904:populateFiles 200
[debug] [2023-05-05T16:19:27.134Z] <<< [apiv2][body] POST https://firebasehosting.googleapis.com/v1beta1/projects/687111066431/sites/netflix-3520e/versions/afd315124fb3f904:populateFiles {"uploadRequiredHashes":["4efb3a925f1b61de5db6e81f94cde3f5ff34c3c1f88633b76557afa7f18cff67","de4a6b344c5068d6e245e64205da0c6e38f4c12f05553b88ac39e0f6dea6f404","5c8c0a00db3a4ea47886e9a01b054b7f58f040c641e118cdc9a860be69062b21","9d4ad7847d9e1f28515160868508d8a976fcd190b6c27357a7e7a2754f0919e2","30f5aee28015e1435e0fe643aeed8d8a267c35a1dedb36f17569a42acda3dd78"],"uploadUrl":"https://upload-firebasehosting.googleapis.com/upload/sites/netflix-3520e/versions/afd315124fb3f904/files"}
[debug] [2023-05-05T16:19:27.138Z] >>> [apiv2][query] POST https://upload-firebasehosting.googleapis.com/upload/sites/netflix-3520e/versions/afd315124fb3f904/files/4efb3a925f1b61de5db6e81f94cde3f5ff34c3c1f88633b76557afa7f18cff67 [none]
[debug] [2023-05-05T16:19:27.138Z] >>> [apiv2][body] POST https://upload-firebasehosting.googleapis.com/upload/sites/netflix-3520e/versions/afd315124fb3f904/files/4efb3a925f1b61de5db6e81f94cde3f5ff34c3c1f88633b76557afa7f18cff67 [stream]
[debug] [2023-05-05T16:19:27.142Z] >>> [apiv2][query] POST https://upload-firebasehosting.googleapis.com/upload/sites/netflix-3520e/versions/afd315124fb3f904/files/de4a6b344c5068d6e245e64205da0c6e38f4c12f05553b88ac39e0f6dea6f404 [none]
[debug] [2023-05-05T16:19:27.142Z] >>> [apiv2][body] POST https://upload-firebasehosting.googleapis.com/upload/sites/netflix-3520e/versions/afd315124fb3f904/files/de4a6b344c5068d6e245e64205da0c6e38f4c12f05553b88ac39e0f6dea6f404 [stream]
[debug] [2023-05-05T16:19:27.150Z] >>> [apiv2][query] POST https://upload-firebasehosting.googleapis.com/upload/sites/netflix-3520e/versions/afd315124fb3f904/files/5c8c0a00db3a4ea47886e9a01b054b7f58f040c641e118cdc9a860be69062b21 [none]
[debug] [2023-05-05T16:19:27.150Z] >>> [apiv2][body] POST https://upload-firebasehosting.googleapis.com/upload/sites/netflix-3520e/versions/afd315124fb3f904/files/5c8c0a00db3a4ea47886e9a01b054b7f58f040c641e118cdc9a860be69062b21 [stream]
[debug] [2023-05-05T16:19:27.154Z] >>> [apiv2][query] POST https://upload-firebasehosting.googleapis.com/upload/sites/netflix-3520e/versions/afd315124fb3f904/files/9d4ad7847d9e1f28515160868508d8a976fcd190b6c27357a7e7a2754f0919e2 [none]
[debug] [2023-05-05T16:19:27.155Z] >>> [apiv2][body] POST https://upload-firebasehosting.googleapis.com/upload/sites/netflix-3520e/versions/afd315124fb3f904/files/9d4ad7847d9e1f28515160868508d8a976fcd190b6c27357a7e7a2754f0919e2 [stream]
[debug] [2023-05-05T16:19:27.158Z] >>> [apiv2][query] POST https://upload-firebasehosting.googleapis.com/upload/sites/netflix-3520e/versions/afd315124fb3f904/files/30f5aee28015e1435e0fe643aeed8d8a267c35a1dedb36f17569a42acda3dd78 [none]
[debug] [2023-05-05T16:19:27.158Z] >>> [apiv2][body] POST https://upload-firebasehosting.googleapis.com/upload/sites/netflix-3520e/versions/afd315124fb3f904/files/30f5aee28015e1435e0fe643aeed8d8a267c35a1dedb36f17569a42acda3dd78 [stream]
[debug] [2023-05-05T16:19:27.167Z] [hosting][populate queue][FINAL] {"max":887,"min":887,"avg":887,"active":0,"complete":1,"success":1,"errored":0,"retried":0,"total":1,"elapsed":917}
[debug] [2023-05-05T16:19:27.167Z] [hosting] uploads queued: 5
[debug] [2023-05-05T16:19:33.219Z] <<< [apiv2][status] POST https://upload-firebasehosting.googleapis.com/upload/sites/netflix-3520e/versions/afd315124fb3f904/files/9d4ad7847d9e1f28515160868508d8a976fcd190b6c27357a7e7a2754f0919e2 200
[debug] [2023-05-05T16:19:33.219Z] <<< [apiv2][body] POST https://upload-firebasehosting.googleapis.com/upload/sites/netflix-3520e/versions/afd315124fb3f904/files/9d4ad7847d9e1f28515160868508d8a976fcd190b6c27357a7e7a2754f0919e2 [stream]
